<?xml version="1.0" encoding="UTF-8"?>
<!-- Generated by org.testng.reporters.JUnitReportReporter -->
<testsuite hostname="DESKTOP-VE62NKE" failures="0" tests="2" name="CalculatorTest" time="0.008" errors="0" timestamp="2020-12-10T12:52:25 IST" skipped="0">
  <testcase classname="CalculatorTest" name="emptyStringReturnsZero" time="0.006"/>
  <system-out/>
  <testcase classname="CalculatorTest" name="singleValueIsReplied" time="0.002"/>
  <system-out/>
</testsuite> <!-- CalculatorTest -->
