<?xml version="1.0" encoding="UTF-8"?>
<!-- Generated by org.testng.reporters.JUnitReportReporter -->
<testsuite hostname="DESKTOP-VE62NKE" failures="0" tests="5" name="CalculatorTest" time="0.009" errors="0" timestamp="2020-12-13T03:27:36 IST" skipped="0">
  <testcase classname="CalculatorTest" name="Sum" time="0.000"/>
  <system-out/>
  <testcase classname="CalculatorTest" name="DelimitedTwoSum" time="0.000"/>
  <system-out/>
  <testcase classname="CalculatorTest" name="DelimitedThreeSum" time="0.005"/>
  <system-out/>
  <testcase classname="CalculatorTest" name="singleValueIsReplied" time="0.001"/>
  <system-out/>
  <testcase classname="CalculatorTest" name="emptyStringReturnsZero" time="0.003"/>
  <system-out/>
</testsuite> <!-- CalculatorTest -->
